<?xml version="1.0" encoding="UTF-8"?>
<testsuite xmlns:xsi="http://www.w3.org/2001/XMLSchema-instance" xsi:noNamespaceSchemaLocation="https://maven.apache.org/surefire/maven-surefire-plugin/xsd/surefire-test-report.xsd" version="3.0.1" name="es.udc.ws.app.test.model.appservice.AppServiceTest" time="2.906" tests="18" errors="0" skipped="0" failures="0">
  <properties>
    <property name="java.specification.version" value="21"/>
    <property name="sun.jnu.encoding" value="UTF-8"/>
    <property name="java.class.path" value="/home/estevo/Apps/Maven/apache-maven-3.9.9-bin/apache-maven-3.9.9/boot/plexus-classworlds-2.8.0.jar"/>
    <property name="java.vm.vendor" value="Eclipse Adoptium"/>
    <property name="sun.arch.data.model" value="64"/>
    <property name="java.vendor.url" value="https://adoptium.net/"/>
    <property name="user.timezone" value="Europe/Madrid"/>
    <property name="maven.conf" value="/home/estevo/Apps/Maven/apache-maven-3.9.9-bin/apache-maven-3.9.9/conf"/>
    <property name="java.vm.specification.version" value="21"/>
    <property name="os.name" value="Linux"/>
    <property name="sun.java.launcher" value="SUN_STANDARD"/>
    <property name="user.country" value="ES"/>
    <property name="sun.boot.library.path" value="/home/estevo/Apps/JDK/OpenJDK21U-jdk_x64_linux_hotspot_21.0.4_7/jdk-21.0.4+7/lib"/>
    <property name="sun.java.command" value="org.codehaus.plexus.classworlds.launcher.Launcher clean install"/>
    <property name="jdk.debug" value="release"/>
    <property name="maven.home" value="/home/estevo/Apps/Maven/apache-maven-3.9.9-bin/apache-maven-3.9.9"/>
    <property name="surefire.test.class.path" value="/home/estevo/ISD/PRACTICA1/ws-app/ws-app-model/target/test-classes:/home/estevo/ISD/PRACTICA1/ws-app/ws-app-model/target/classes:/home/estevo/.m2/repository/es/udc/ws/ws-util/3.8.0/ws-util-3.8.0.jar:/home/estevo/.m2/repository/com/fasterxml/jackson/core/jackson-databind/2.17.2/jackson-databind-2.17.2.jar:/home/estevo/.m2/repository/com/fasterxml/jackson/core/jackson-annotations/2.17.2/jackson-annotations-2.17.2.jar:/home/estevo/.m2/repository/com/fasterxml/jackson/core/jackson-core/2.17.2/jackson-core-2.17.2.jar:/home/estevo/.m2/repository/org/apache/thrift/libthrift/0.19.0/libthrift-0.19.0.jar:/home/estevo/.m2/repository/org/slf4j/slf4j-api/1.7.36/slf4j-api-1.7.36.jar:/home/estevo/.m2/repository/org/apache/httpcomponents/client5/httpclient5/5.2.1/httpclient5-5.2.1.jar:/home/estevo/.m2/repository/org/apache/httpcomponents/core5/httpcore5-h2/5.2/httpcore5-h2-5.2.jar:/home/estevo/.m2/repository/org/apache/httpcomponents/core5/httpcore5/5.2/httpcore5-5.2.jar:/home/estevo/.m2/repository/jakarta/servlet/jakarta.servlet-api/6.1.0/jakarta.servlet-api-6.1.0.jar:/home/estevo/.m2/repository/jakarta/annotation/jakarta.annotation-api/2.1.1/jakarta.annotation-api-2.1.1.jar:/home/estevo/.m2/repository/org/apache/commons/commons-lang3/3.12.0/commons-lang3-3.12.0.jar:/home/estevo/.m2/repository/org/junit/jupiter/junit-jupiter-engine/5.10.3/junit-jupiter-engine-5.10.3.jar:/home/estevo/.m2/repository/org/junit/platform/junit-platform-engine/1.10.3/junit-platform-engine-1.10.3.jar:/home/estevo/.m2/repository/org/opentest4j/opentest4j/1.3.0/opentest4j-1.3.0.jar:/home/estevo/.m2/repository/org/junit/platform/junit-platform-commons/1.10.3/junit-platform-commons-1.10.3.jar:/home/estevo/.m2/repository/org/junit/jupiter/junit-jupiter-api/5.10.3/junit-jupiter-api-5.10.3.jar:/home/estevo/.m2/repository/org/apiguardian/apiguardian-api/1.1.2/apiguardian-api-1.1.2.jar:/home/estevo/.m2/repository/com/mysql/mysql-connector-j/8.4.0/mysql-connector-j-8.4.0.jar:/home/estevo/.m2/repository/com/google/protobuf/protobuf-java/3.25.1/protobuf-java-3.25.1.jar:"/>
    <property name="sun.cpu.endian" value="little"/>
    <property name="user.home" value="/home/estevo"/>
    <property name="user.language" value="es"/>
    <property name="java.specification.vendor" value="Oracle Corporation"/>
    <property name="java.version.date" value="2024-07-16"/>
    <property name="java.home" value="/home/estevo/Apps/JDK/OpenJDK21U-jdk_x64_linux_hotspot_21.0.4_7/jdk-21.0.4+7"/>
    <property name="file.separator" value="/"/>
    <property name="basedir" value="/home/estevo/ISD/PRACTICA1/ws-app/ws-app-model"/>
    <property name="java.vm.compressedOopsMode" value="32-bit"/>
    <property name="line.separator" value="&#10;"/>
    <property name="java.vm.specification.vendor" value="Oracle Corporation"/>
    <property name="java.specification.name" value="Java Platform API Specification"/>
    <property name="sun.management.compiler" value="HotSpot 64-Bit Tiered Compilers"/>
    <property name="java.runtime.version" value="21.0.4+7-LTS"/>
    <property name="user.name" value="estevo"/>
    <property name="stdout.encoding" value="UTF-8"/>
    <property name="path.separator" value=":"/>
    <property name="os.version" value="6.8.0-51-generic"/>
    <property name="java.runtime.name" value="OpenJDK Runtime Environment"/>
    <property name="file.encoding" value="UTF-8"/>
    <property name="guice.disable.misplaced.annotation.check" value="true"/>
    <property name="java.vm.name" value="OpenJDK 64-Bit Server VM"/>
    <property name="java.vendor.version" value="Temurin-21.0.4+7"/>
    <property name="localRepository" value="/home/estevo/.m2/repository"/>
    <property name="java.vendor.url.bug" value="https://github.com/adoptium/adoptium-support/issues"/>
    <property name="java.io.tmpdir" value="/tmp"/>
    <property name="java.version" value="21.0.4"/>
    <property name="user.dir" value="/home/estevo/ISD/PRACTICA1/ws-app/ws-app-model"/>
    <property name="os.arch" value="amd64"/>
    <property name="maven.multiModuleProjectDirectory" value="/home/estevo/ISD/PRACTICA1/ws-app"/>
    <property name="java.vm.specification.name" value="Java Virtual Machine Specification"/>
    <property name="native.encoding" value="UTF-8"/>
    <property name="java.library.path" value="/usr/java/packages/lib:/usr/lib64:/lib64:/lib:/usr/lib"/>
    <property name="java.vm.info" value="mixed mode, sharing"/>
    <property name="stderr.encoding" value="UTF-8"/>
    <property name="java.vendor" value="Eclipse Adoptium"/>
    <property name="java.vm.version" value="21.0.4+7-LTS"/>
    <property name="classworlds.conf" value="/home/estevo/Apps/Maven/apache-maven-3.9.9-bin/apache-maven-3.9.9/bin/m2.conf"/>
    <property name="sun.io.unicode.encoding" value="UnicodeLittle"/>
    <property name="library.jansi.path" value="/home/estevo/Apps/Maven/apache-maven-3.9.9-bin/apache-maven-3.9.9/lib/jansi-native"/>
    <property name="java.class.version" value="65.0"/>
  </properties>
  <testcase name="testCancelEnrollmentLateCancellation" classname="es.udc.ws.app.test.model.appservice.AppServiceTest" time="0.22"/>
  <testcase name="testEnrollInCourseNoAvailableSeats" classname="es.udc.ws.app.test.model.appservice.AppServiceTest" time="0.048"/>
  <testcase name="testCancelEnrollment" classname="es.udc.ws.app.test.model.appservice.AppServiceTest" time="0.073"/>
  <testcase name="testEnrollInCourse" classname="es.udc.ws.app.test.model.appservice.AppServiceTest" time="0.077"/>
  <testcase name="testAddCourseBeforeStartDate" classname="es.udc.ws.app.test.model.appservice.AppServiceTest" time="0.001"/>
  <testcase name="testAddCourseInvalidPrice" classname="es.udc.ws.app.test.model.appservice.AppServiceTest" time="0.004"/>
  <testcase name="testFindEnrollmentByUserEmail" classname="es.udc.ws.app.test.model.appservice.AppServiceTest" time="2.144"/>
  <testcase name="testAddCourseAndFindCourseByCityAndDate" classname="es.udc.ws.app.test.model.appservice.AppServiceTest" time="0.076"/>
  <testcase name="testEnrollInInvalidCourse" classname="es.udc.ws.app.test.model.appservice.AppServiceTest" time="0.006"/>
  <testcase name="testAddCourseInvalidMaxSeats" classname="es.udc.ws.app.test.model.appservice.AppServiceTest" time="0.001"/>
  <testcase name="testEnrollInCourseAlreadyStarted" classname="es.udc.ws.app.test.model.appservice.AppServiceTest" time="0.041"/>
  <testcase name="testCancelEnrollmentInvalidOrDifferentEmail" classname="es.udc.ws.app.test.model.appservice.AppServiceTest" time="0.043"/>
  <testcase name="testEnrollInCourseInvalidEmail" classname="es.udc.ws.app.test.model.appservice.AppServiceTest" time="0.025"/>
  <testcase name="testFindNonExistentCourse" classname="es.udc.ws.app.test.model.appservice.AppServiceTest" time="0.004"/>
  <testcase name="testCancelEnrollmentAlreadyCancelled" classname="es.udc.ws.app.test.model.appservice.AppServiceTest" time="0.057"/>
  <testcase name="testFindCourseInvalidNumber" classname="es.udc.ws.app.test.model.appservice.AppServiceTest" time="0.004"/>
  <testcase name="testEnrollInCourseInvalidCreditCard" classname="es.udc.ws.app.test.model.appservice.AppServiceTest" time="0.024"/>
  <testcase name="testAddCourseAndFindCourseById" classname="es.udc.ws.app.test.model.appservice.AppServiceTest" time="0.023"/>
</testsuite>